app/build/outputs/logs/manifest-merger-debug-report.txt
-- Merging decision tree log ---
manifest
ADDED from src/main/AndroidManifest.xml:1:1-52:12
	package
		ADDED from src/main/AndroidManifest.xml:2:5-30
		INJECTED from src/main/AndroidManifest.xml
		INJECTED from src/main/AndroidManifest.xml
	android:versionName
		ADDED from src/main/AndroidManifest.xml:4:5-30
		INJECTED from src/main/AndroidManifest.xml
		INJECTED from src/main/AndroidManifest.xml
	android:versionCode
		ADDED from src/main/AndroidManifest.xml:3:5-28
		INJECTED from src/main/AndroidManifest.xml
		INJECTED from src/main/AndroidManifest.xml
	xmlns:android
		ADDED from src/main/AndroidManifest.xml:1:11-69
uses-sdk
ADDED from src/main/AndroidManifest.xml:6:5-7:40
MERGED from [com.android.support:support-v4:25.0.0] AndroidManifest.xml:21:5-23:54
MERGED from [com.android.support:support-compat:25.0.0] AndroidManifest.xml:21:5-23:58
MERGED from [com.android.support:support-media-compat:25.0.0] AndroidManifest.xml:21:5-23:63
MERGED from [com.android.support:support-core-utils:25.0.0] AndroidManifest.xml:21:5-23:61
MERGED from [com.android.support:support-core-ui:25.0.0] AndroidManifest.xml:21:5-23:58
MERGED from [com.android.support:support-fragment:25.0.0] AndroidManifest.xml:21:5-23:60
	tools:overrideLibrary
		ADDED from [com.android.support:support-v4:25.0.0] AndroidManifest.xml:23:9-51
	android:targetSdkVersion
		ADDED from src/main/AndroidManifest.xml:7:9-37
		INJECTED from src/main/AndroidManifest.xml
		INJECTED from src/main/AndroidManifest.xml
	android:minSdkVersion
		ADDED from src/main/AndroidManifest.xml:6:15-40
		INJECTED from src/main/AndroidManifest.xml
		INJECTED from src/main/AndroidManifest.xml
uses-permission#android.permission.WRITE_EXTERNAL_STORAGE
ADDED from src/main/AndroidManifest.xml:9:5-80
	android:name
		ADDED from src/main/AndroidManifest.xml:9:22-78
uses-permission#android.permission.INTERNET
ADDED from src/main/AndroidManifest.xml:10:5-66
	android:name
		ADDED from src/main/AndroidManifest.xml:10:22-64
uses-permission#android.permission.GET_TASKS
ADDED from src/main/AndroidManifest.xml:11:5-67
	android:name
		ADDED from src/main/AndroidManifest.xml:11:22-65
uses-permission#android.permission.READ_PHONE_STATE
ADDED from src/main/AndroidManifest.xml:12:5-74
	android:name
		ADDED from src/main/AndroidManifest.xml:12:22-72
uses-permission#android.permission.PROCESS_OUTGOING_CALLS
ADDED from src/main/AndroidManifest.xml:13:5-80
	android:name
		ADDED from src/main/AndroidManifest.xml:13:22-78
application
ADDED from src/main/AndroidManifest.xml:15:5-50:19
MERGED from [com.android.support:support-v4:25.0.0] AndroidManifest.xml:25:5-20
MERGED from [com.android.support:support-compat:25.0.0] AndroidManifest.xml:25:5-20
MERGED from [com.android.support:support-media-compat:25.0.0] AndroidManifest.xml:25:5-20
MERGED from [com.android.support:support-core-utils:25.0.0] AndroidManifest.xml:25:5-20
MERGED from [com.android.support:support-core-ui:25.0.0] AndroidManifest.xml:25:5-20
MERGED from [com.android.support:support-fragment:25.0.0] AndroidManifest.xml:25:5-20
	android:label
		ADDED from src/main/AndroidManifest.xml:15:18-50
	android:icon
		ADDED from src/main/AndroidManifest.xml:16:9-45
	android:theme
		ADDED from src/main/AndroidManifest.xml:17:9-40
activity#com.zbf.iceseal.activity.MaintabActivity
ADDED from src/main/AndroidManifest.xml:18:9-24:14
	android:theme
		ADDED from src/main/AndroidManifest.xml:19:13-66
	android:name
		ADDED from src/main/AndroidManifest.xml:18:19-59
intent-filter#android.intent.action.MAIN+android.intent.category.LAUNCHER
ADDED from src/main/AndroidManifest.xml:20:7-23:23
action#android.intent.action.MAIN
ADDED from src/main/AndroidManifest.xml:21:11-62
	android:name
		ADDED from src/main/AndroidManifest.xml:21:19-60
category#android.intent.category.LAUNCHER
ADDED from src/main/AndroidManifest.xml:22:11-70
	android:name
		ADDED from src/main/AndroidManifest.xml:22:21-68
activity#com.zbf.iceseal.activity.SonglistActivity
ADDED from src/main/AndroidManifest.xml:25:3-28:14
	android:theme
		ADDED from src/main/AndroidManifest.xml:26:13-66
	android:name
		ADDED from src/main/AndroidManifest.xml:25:13-54
activity#com.zbf.iceseal.activity.MainplayActivity
ADDED from src/main/AndroidManifest.xml:29:3-32:14
	android:theme
		ADDED from src/main/AndroidManifest.xml:30:13-66
	android:name
		ADDED from src/main/AndroidManifest.xml:29:13-54
service#com.zbf.iceseal.service.PlayerService
ADDED from src/main/AndroidManifest.xml:33:3-37:13
	android:name
		ADDED from src/main/AndroidManifest.xml:33:12-49
intent-filter#com.zbf.iceseal.PLAYER_SERVICE
ADDED from src/main/AndroidManifest.xml:34:7-36:23
action#com.zbf.iceseal.PLAYER_SERVICE
ADDED from src/main/AndroidManifest.xml:35:11-66
	android:name
		ADDED from src/main/AndroidManifest.xml:35:19-64
service#com.zbf.iceseal.service.MusicImportService
ADDED from src/main/AndroidManifest.xml:38:3-43:13
	android:name
		ADDED from src/main/AndroidManifest.xml:38:12-54
intent-filter#com.zbf.iceseal.MUSIC_IMPORT
ADDED from src/main/AndroidManifest.xml:39:7-42:23
action#com.zbf.iceseal.MUSIC_IMPORT
ADDED from src/main/AndroidManifest.xml:40:11-64
	android:name
		ADDED from src/main/AndroidManifest.xml:40:19-62
receiver#com.zbf.iceseal.broadcast.EventReceiver
ADDED from src/main/AndroidManifest.xml:44:3-49:20
	android:name
		ADDED from src/main/AndroidManifest.xml:44:13-52
intent-filter#android.intent.action.NEW_OUTGOING_CALL+android.intent.action.PHONE_STATE
ADDED from src/main/AndroidManifest.xml:45:13-48:29
action#android.intent.action.PHONE_STATE
ADDED from src/main/AndroidManifest.xml:46:17-75
	android:name
		ADDED from src/main/AndroidManifest.xml:46:25-73
action#android.intent.action.NEW_OUTGOING_CALL
ADDED from src/main/AndroidManifest.xml:47:17-81
	android:name
		ADDED from src/main/AndroidManifest.xml:47:25-79